2025-07-02 04:39:47,730 - __main__ - INFO - Loading default file: /Users/adamcordova/Desktop/labelMaker_ newgui BACKUP 6.24/uploads/A Greener Today - Bothell_inventory_06-28-2025  6_51 PM.xlsx
2025-07-02 04:39:48,628 - __main__ - INFO - Successfully loaded default file with 2416 tags
2025-07-02 07:25:20,509 - __main__ - INFO - Loading default file: /Users/adamcordova/Desktop/labelMaker_ newgui BACKUP 6.24/uploads/A Greener Today - Bothell_inventory_06-28-2025  6_51 PM.xlsx
2025-07-02 07:25:21,890 - __main__ - INFO - Successfully loaded default file with 2416 tags
2025-07-02 07:50:03,173 - __main__ - INFO - Loading default file: /Users/adamcordova/Desktop/labelMaker_ newgui BACKUP 6.24/uploads/A Greener Today - Bothell_inventory_06-28-2025  6_51 PM.xlsx
2025-07-02 07:50:14,640 - __main__ - INFO - Successfully loaded default file with 2416 tags
2025-07-02 08:31:18,287 - __main__ - INFO - Loading default file: /Users/adamcordova/Desktop/labelMaker_ newgui BACKUP 6.24/uploads/A Greener Today - Bothell_inventory_06-28-2025  6_51 PM.xlsx
2025-07-02 08:31:21,266 - __main__ - INFO - Successfully loaded default file with 2416 tags
2025-07-02 08:49:49,135 - __main__ - INFO - Loading default file: /Users/adamcordova/Desktop/labelMaker_ newgui BACKUP 6.24/uploads/A Greener Today - Bothell_inventory_06-28-2025  6_51 PM.xlsx
2025-07-02 08:49:52,281 - __main__ - INFO - Successfully loaded default file with 2416 tags
2025-07-02 09:00:17,692 - __main__ - INFO - Loading default file: /Users/adamcordova/Desktop/labelMaker_ newgui BACKUP 6.24/uploads/A Greener Today - Bothell_inventory_06-28-2025  6_51 PM.xlsx
2025-07-02 09:00:21,319 - __main__ - INFO - Successfully loaded default file with 2416 tags
2025-07-02 09:11:31,416 - __main__ - INFO - Loading default file: /Users/adamcordova/Desktop/labelMaker_ newgui BACKUP 6.24/uploads/A Greener Today - Bothell_inventory_06-28-2025  6_51 PM.xlsx
2025-07-02 09:11:34,740 - __main__ - INFO - Successfully loaded default file with 2416 tags
2025-07-02 09:35:15,885 - __main__ - INFO - Loading default file: /Users/adamcordova/Desktop/labelMaker_ newgui BACKUP 6.24/uploads/A Greener Today - Bothell_inventory_06-28-2025  6_51 PM.xlsx
2025-07-02 09:35:18,723 - __main__ - INFO - Successfully loaded default file with 2416 tags
2025-07-02 09:38:03,815 - __main__ - INFO - Loading default file: /Users/adamcordova/Desktop/labelMaker_ newgui BACKUP 6.24/uploads/A Greener Today - Bothell_inventory_06-28-2025  6_51 PM.xlsx
2025-07-02 09:38:08,470 - __main__ - INFO - Successfully loaded default file with 2416 tags
2025-07-02 21:21:15,210 - __main__ - INFO - Loading default file: /Users/adamcordova/Desktop/labelMaker_ newgui BACKUP 6.24/uploads/A Greener Today - Bothell_inventory_06-28-2025  6_51 PM.xlsx
2025-07-02 21:21:19,267 - __main__ - INFO - Successfully loaded default file with 2416 tags
2025-07-02 21:29:22,878 - __main__ - INFO - Loading default file: /Users/adamcordova/Desktop/labelMaker_ newgui BACKUP 6.24/uploads/A Greener Today - Bothell_inventory_06-28-2025  6_51 PM.xlsx
2025-07-02 21:29:25,776 - __main__ - INFO - Successfully loaded default file with 2416 tags
2025-07-02 21:43:28,491 - __main__ - INFO - Loading default file: /Users/adamcordova/Desktop/labelMaker_ newgui BACKUP 6.24/uploads/A Greener Today - Bothell_inventory_06-28-2025  6_51 PM.xlsx
2025-07-02 21:43:31,155 - __main__ - INFO - Successfully loaded default file with 2416 tags
2025-07-02 23:02:44,454 - __main__ - INFO - Loading default file: /Users/adamcordova/Desktop/labelMaker_ newgui BACKUP 6.24/uploads/A Greener Today - Bothell_inventory_06-28-2025  6_51 PM.xlsx
2025-07-02 23:02:51,062 - __main__ - INFO - Successfully loaded default file with 2416 tags
2025-07-02 23:05:04,921 - __main__ - INFO - Loading default file: /Users/adamcordova/Desktop/labelMaker_ newgui BACKUP 6.24/uploads/A Greener Today - Bothell_inventory_06-28-2025  6_51 PM.xlsx
2025-07-02 23:05:11,335 - __main__ - INFO - Successfully loaded default file with 2416 tags
2025-07-02 23:24:46,695 - __main__ - INFO - Loading default file: /Users/adamcordova/Desktop/labelMaker_ newgui BACKUP 6.24/uploads/A Greener Today - Bothell_inventory_06-28-2025  6_51 PM.xlsx
2025-07-02 23:25:42,260 - __main__ - INFO - Successfully loaded default file with 2416 tags
2025-07-02 23:29:26,552 - __main__ - INFO - Loading default file: /Users/adamcordova/Desktop/labelMaker_ newgui BACKUP 6.24/uploads/A Greener Today - Bothell_inventory_06-28-2025  6_51 PM.xlsx
2025-07-02 23:29:51,224 - __main__ - INFO - Successfully loaded default file with 2416 tags
2025-07-02 23:31:25,348 - __main__ - INFO - Loading default file: /Users/adamcordova/Desktop/labelMaker_ newgui BACKUP 6.24/uploads/A Greener Today - Bothell_inventory_06-28-2025  6_51 PM.xlsx
2025-07-02 23:31:48,896 - __main__ - INFO - Successfully loaded default file with 2416 tags
2025-07-03 00:02:38,644 - __main__ - INFO - Loading default file: /Users/adamcordova/Desktop/labelMaker_ newgui BACKUP 6.24/uploads/A Greener Today - Bothell_inventory_06-28-2025  6_51 PM.xlsx
2025-07-03 00:03:06,368 - __main__ - INFO - Successfully loaded default file with 2416 tags
2025-07-03 00:05:04,103 - __main__ - INFO - Loading default file: /Users/adamcordova/Desktop/labelMaker_ newgui BACKUP 6.24/uploads/A Greener Today - Bothell_inventory_06-28-2025  6_51 PM.xlsx
2025-07-03 00:05:35,674 - __main__ - INFO - Successfully loaded default file with 2416 tags
2025-07-03 01:54:06,967 - __main__ - INFO - Loading default file: /Users/adamcordova/Desktop/labelMaker_ newgui BACKUP 6.24/uploads/A Greener Today - Bothell_inventory_06-28-2025  6_51 PM.xlsx
2025-07-03 01:54:17,576 - __main__ - INFO - Successfully loaded default file with 2416 tags
2025-07-03 02:53:22,756 - __main__ - INFO - Loading default file: /Users/adamcordova/Desktop/labelMaker_ newgui BACKUP 6.24/uploads/A Greener Today - Bothell_inventory_06-28-2025  6_51 PM.xlsx
2025-07-03 02:53:32,690 - __main__ - INFO - Successfully loaded default file with 2416 tags
2025-07-03 15:19:52,525 - __main__ - INFO - Loading default file: /Users/adamcordova/Desktop/labelMaker_ newgui BACKUP 6.24/uploads/A Greener Today - Bothell_inventory_06-28-2025  6_51 PM.xlsx
2025-07-03 15:20:11,071 - __main__ - INFO - Successfully loaded default file with 2416 tags
2025-07-03 15:23:41,479 - __main__ - INFO - Loading default file: /Users/adamcordova/Desktop/labelMaker_ newgui BACKUP 6.24/uploads/A Greener Today - Bothell_inventory_06-28-2025  6_51 PM.xlsx
2025-07-03 15:24:03,543 - __main__ - INFO - Successfully loaded default file with 2416 tags
2025-07-03 15:38:34,914 - __main__ - INFO - Logging configured for Label Maker application (debug disabled for performance)
2025-07-03 15:38:34,915 - __main__ - INFO - Log file location: /Users/adamcordova/Desktop/labelMaker_ newgui BACKUP 6.24/logs/label_maker.log
2025-07-03 15:38:34,916 - __main__ - INFO - Loading default file: /Users/adamcordova/Desktop/labelMaker_ newgui BACKUP 6.24/uploads/A Greener Today - Bothell_inventory_06-28-2025  6_51 PM.xlsx
2025-07-03 15:43:10,498 - __main__ - INFO - Logging configured for Label Maker application (debug disabled for performance)
2025-07-03 15:43:10,498 - __main__ - INFO - Log file location: /Users/adamcordova/Desktop/labelMaker_ newgui BACKUP 6.24/logs/label_maker.log
2025-07-03 15:43:10,499 - __main__ - INFO - Loading default file: /Users/adamcordova/Desktop/labelMaker_ newgui BACKUP 6.24/uploads/A Greener Today - Bothell_inventory_06-28-2025  6_51 PM.xlsx
2025-07-03 15:45:14,132 - __main__ - INFO - Logging configured for Label Maker application (debug disabled for performance)
2025-07-03 15:45:14,133 - __main__ - INFO - Log file location: /Users/adamcordova/Desktop/labelMaker_ newgui BACKUP 6.24/logs/label_maker.log
2025-07-03 15:45:14,133 - __main__ - INFO - Loading default file: /Users/adamcordova/Desktop/labelMaker_ newgui BACKUP 6.24/uploads/A Greener Today - Bothell_inventory_06-28-2025  6_51 PM.xlsx
2025-07-03 15:45:32,393 - __main__ - INFO - Successfully loaded default file with 2416 tags
2025-07-03 15:52:59,472 - __main__ - INFO - Logging configured for Label Maker application (debug disabled for performance)
2025-07-03 15:52:59,472 - __main__ - INFO - Log file location: /Users/adamcordova/Desktop/labelMaker_ newgui BACKUP 6.24/logs/label_maker.log
2025-07-03 15:52:59,473 - __main__ - INFO - Loading default file: /Users/adamcordova/Desktop/labelMaker_ newgui BACKUP 6.24/uploads/A Greener Today - Bothell_inventory_06-28-2025  6_51 PM.xlsx
2025-07-03 15:53:13,543 - __main__ - INFO - Successfully loaded default file with 2416 tags
2025-07-03 15:53:34,475 - __main__ - INFO - Logging configured for Label Maker application (debug disabled for performance)
2025-07-03 15:53:34,476 - __main__ - INFO - Log file location: /Users/adamcordova/Desktop/labelMaker_ newgui BACKUP 6.24/logs/label_maker.log
2025-07-03 15:53:34,477 - __main__ - INFO - Loading default file: /Users/adamcordova/Desktop/labelMaker_ newgui BACKUP 6.24/uploads/A Greener Today - Bothell_inventory_06-28-2025  6_51 PM.xlsx
2025-07-03 15:53:51,643 - __main__ - INFO - Successfully loaded default file with 2416 tags
2025-07-03 15:54:26,336 - __main__ - INFO - Logging configured for Label Maker application (debug disabled for performance)
2025-07-03 15:54:26,337 - __main__ - INFO - Log file location: /Users/adamcordova/Desktop/labelMaker_ newgui BACKUP 6.24/logs/label_maker.log
2025-07-03 15:54:26,337 - __main__ - INFO - Loading default file: /Users/adamcordova/Desktop/labelMaker_ newgui BACKUP 6.24/uploads/A Greener Today - Bothell_inventory_06-28-2025  6_51 PM.xlsx
2025-07-03 15:54:40,221 - __main__ - INFO - Successfully loaded default file with 2416 tags
2025-07-03 15:55:08,768 - __main__ - INFO - Logging configured for Label Maker application (debug disabled for performance)
2025-07-03 15:55:08,769 - __main__ - INFO - Log file location: /Users/adamcordova/Desktop/labelMaker_ newgui BACKUP 6.24/logs/label_maker.log
2025-07-03 15:55:08,769 - __main__ - INFO - Loading default file: /Users/adamcordova/Desktop/labelMaker_ newgui BACKUP 6.24/uploads/A Greener Today - Bothell_inventory_06-28-2025  6_51 PM.xlsx
2025-07-03 15:55:24,106 - __main__ - INFO - Successfully loaded default file with 2416 tags
2025-07-03 15:55:25,426 - __main__ - INFO - Logging configured for Label Maker application (debug disabled for performance)
2025-07-03 15:55:25,426 - __main__ - INFO - Log file location: /Users/adamcordova/Desktop/labelMaker_ newgui BACKUP 6.24/logs/label_maker.log
2025-07-03 15:55:25,426 - __main__ - INFO - Loading default file: /Users/adamcordova/Desktop/labelMaker_ newgui BACKUP 6.24/uploads/A Greener Today - Bothell_inventory_06-28-2025  6_51 PM.xlsx
2025-07-03 15:55:39,715 - __main__ - INFO - Successfully loaded default file with 2416 tags
2025-07-03 15:56:48,361 - __main__ - INFO - Logging configured for Label Maker application (debug disabled for performance)
2025-07-03 15:56:48,362 - __main__ - INFO - Log file location: /Users/adamcordova/Desktop/labelMaker_ newgui BACKUP 6.24/logs/label_maker.log
2025-07-03 15:56:48,363 - __main__ - INFO - Loading default file: /Users/adamcordova/Desktop/labelMaker_ newgui BACKUP 6.24/uploads/A Greener Today - Bothell_inventory_06-28-2025  6_51 PM.xlsx
2025-07-03 15:57:05,462 - __main__ - INFO - Successfully loaded default file with 2416 tags
2025-07-03 15:57:06,538 - __main__ - INFO - Logging configured for Label Maker application (debug disabled for performance)
2025-07-03 15:57:06,538 - __main__ - INFO - Log file location: /Users/adamcordova/Desktop/labelMaker_ newgui BACKUP 6.24/logs/label_maker.log
2025-07-03 15:57:06,538 - __main__ - INFO - Loading default file: /Users/adamcordova/Desktop/labelMaker_ newgui BACKUP 6.24/uploads/A Greener Today - Bothell_inventory_06-28-2025  6_51 PM.xlsx
2025-07-03 15:57:20,905 - __main__ - INFO - Successfully loaded default file with 2416 tags
2025-07-03 16:03:01,875 - __main__ - INFO - Logging configured for Label Maker application (debug disabled for performance)
2025-07-03 16:03:01,877 - __main__ - INFO - Log file location: /Users/adamcordova/Desktop/labelMaker_ newgui BACKUP 6.24/logs/label_maker.log
2025-07-03 16:03:01,877 - __main__ - INFO - Loading default file: /Users/adamcordova/Desktop/labelMaker_ newgui BACKUP 6.24/uploads/A Greener Today - Bothell_inventory_06-28-2025  6_51 PM.xlsx
2025-07-03 16:03:16,369 - __main__ - INFO - Successfully loaded default file with 2416 tags
2025-07-03 16:03:35,865 - __main__ - INFO - Logging configured for Label Maker application (debug disabled for performance)
2025-07-03 16:03:35,866 - __main__ - INFO - Log file location: /Users/adamcordova/Desktop/labelMaker_ newgui BACKUP 6.24/logs/label_maker.log
2025-07-03 16:03:35,866 - __main__ - INFO - Loading default file: /Users/adamcordova/Desktop/labelMaker_ newgui BACKUP 6.24/uploads/A Greener Today - Bothell_inventory_06-28-2025  6_51 PM.xlsx
2025-07-03 16:03:50,939 - __main__ - INFO - Successfully loaded default file with 2416 tags
2025-07-03 16:09:05,015 - __main__ - INFO - Loading default file: /Users/adamcordova/Desktop/labelMaker_ newgui BACKUP 6.24/uploads/A Greener Today - Bothell_inventory_06-28-2025  6_51 PM.xlsx
2025-07-03 16:09:20,929 - __main__ - INFO - Successfully loaded default file with 2416 tags
2025-07-03 16:13:13,228 - __main__ - INFO - Loading default file: /Users/adamcordova/Desktop/labelMaker_ newgui BACKUP 6.24/uploads/A Greener Today - Bothell_inventory_06-28-2025  6_51 PM.xlsx
2025-07-03 16:13:28,514 - __main__ - INFO - Successfully loaded default file with 2416 tags
2025-07-03 16:20:57,084 - __main__ - INFO - Loading default file: /Users/adamcordova/Desktop/labelMaker_ newgui BACKUP 6.24/uploads/A Greener Today - Bothell_inventory_06-28-2025  6_51 PM.xlsx
2025-07-03 16:21:12,107 - __main__ - INFO - Successfully loaded default file with 2416 tags
2025-07-03 16:24:08,411 - __main__ - INFO - Loading default file: /Users/adamcordova/Desktop/labelMaker_ newgui BACKUP 6.24/uploads/A Greener Today - Bothell_inventory_06-28-2025  6_51 PM.xlsx
2025-07-03 16:24:24,633 - __main__ - INFO - Successfully loaded default file with 2416 tags
2025-07-03 16:28:56,423 - __main__ - INFO - Loading default file: /Users/adamcordova/Desktop/labelMaker_ newgui BACKUP 6.24/uploads/A Greener Today - Bothell_inventory_06-28-2025  6_51 PM.xlsx
2025-07-03 16:29:56,626 - __main__ - INFO - Successfully loaded default file with 2416 tags
2025-07-03 16:33:59,941 - __main__ - INFO - Loading default file: /Users/adamcordova/Desktop/labelMaker_ newgui BACKUP 6.24/uploads/A Greener Today - Bothell_inventory_06-28-2025  6_51 PM.xlsx
2025-07-03 16:35:18,141 - __main__ - INFO - Successfully loaded default file with 2416 tags
2025-07-03 16:51:09,219 - __main__ - INFO - Loading default file: /Users/adamcordova/Desktop/labelMaker_ newgui BACKUP 6.24/uploads/A Greener Today - Bothell_inventory_06-28-2025  6_51 PM.xlsx
2025-07-03 16:51:24,651 - __main__ - INFO - Successfully loaded default file with 2416 tags
2025-07-03 16:55:52,147 - __main__ - INFO - Loading default file: /Users/adamcordova/Desktop/labelMaker_ newgui BACKUP 6.24/uploads/A Greener Today - Bothell_inventory_06-28-2025  6_51 PM.xlsx
2025-07-03 16:56:07,524 - __main__ - INFO - Successfully loaded default file with 2416 tags
2025-07-03 17:07:33,128 - __main__ - INFO - Loading default file: /Users/adamcordova/Desktop/labelMaker_ newgui BACKUP 6.24/uploads/A Greener Today - Bothell_inventory_06-28-2025  6_51 PM.xlsx
2025-07-03 17:07:48,959 - __main__ - INFO - Successfully loaded default file with 2416 tags
2025-07-03 17:16:23,653 - __main__ - INFO - Loading default file: /Users/adamcordova/Desktop/labelMaker_ newgui BACKUP 6.24/uploads/A Greener Today - Bothell_inventory_06-28-2025  6_51 PM.xlsx
2025-07-03 17:17:23,688 - __main__ - INFO - Successfully loaded default file with 2416 tags
2025-07-03 17:21:45,139 - __main__ - INFO - Loading default file: /Users/adamcordova/Desktop/labelMaker_ newgui BACKUP 6.24/uploads/A Greener Today - Bothell_inventory_06-28-2025  6_51 PM.xlsx
2025-07-03 17:22:27,503 - __main__ - INFO - Successfully loaded default file with 2416 tags
2025-07-03 17:23:35,745 - __main__ - INFO - Loading default file: /Users/adamcordova/Desktop/labelMaker_ newgui BACKUP 6.24/uploads/A Greener Today - Bothell_inventory_06-28-2025  6_51 PM.xlsx
2025-07-03 17:24:06,948 - __main__ - INFO - Successfully loaded default file with 2416 tags
2025-07-03 17:26:19,878 - __main__ - INFO - Loading default file: /Users/adamcordova/Desktop/labelMaker_ newgui BACKUP 6.24/uploads/A Greener Today - Bothell_inventory_06-28-2025  6_51 PM.xlsx
2025-07-03 17:26:55,306 - __main__ - INFO - Successfully loaded default file with 2416 tags
2025-07-03 17:32:56,577 - __main__ - INFO - Loading default file: /Users/adamcordova/Desktop/labelMaker_ newgui BACKUP 6.24/uploads/A Greener Today - Bothell_inventory_06-28-2025  6_51 PM.xlsx
2025-07-03 17:33:43,584 - __main__ - INFO - Successfully loaded default file with 2416 tags
2025-07-03 17:51:11,325 - __main__ - INFO - Loading default file: /Users/adamcordova/Desktop/labelMaker_ newgui BACKUP 6.24/uploads/A Greener Today - Bothell_inventory_06-28-2025  6_51 PM.xlsx
2025-07-03 17:51:55,929 - __main__ - INFO - Successfully loaded default file with 2416 tags
2025-07-03 17:52:43,266 - __main__ - INFO - Loading default file: /Users/adamcordova/Desktop/labelMaker_ newgui BACKUP 6.24/uploads/A Greener Today - Bothell_inventory_06-28-2025  6_51 PM.xlsx
2025-07-03 17:53:52,156 - __main__ - INFO - Successfully loaded default file with 2416 tags
2025-07-03 17:54:45,621 - __main__ - INFO - Loading default file: /Users/adamcordova/Desktop/labelMaker_ newgui BACKUP 6.24/uploads/A Greener Today - Bothell_inventory_06-28-2025  6_51 PM.xlsx
2025-07-03 17:55:50,581 - __main__ - INFO - Successfully loaded default file with 2416 tags
2025-07-03 18:10:29,207 - __main__ - INFO - Loading default file: /Users/adamcordova/Desktop/labelMaker_ newgui BACKUP 6.24/uploads/A Greener Today - Bothell_inventory_06-28-2025  6_51 PM.xlsx
2025-07-03 18:10:33,124 - __main__ - INFO - Successfully loaded default file with 2416 tags
2025-07-03 18:12:24,402 - __main__ - INFO - Loading default file: /Users/adamcordova/Desktop/labelMaker_ newgui BACKUP 6.24/uploads/A Greener Today - Bothell_inventory_06-28-2025  6_51 PM.xlsx
2025-07-03 18:12:29,549 - __main__ - INFO - Successfully loaded default file with 2416 tags
2025-07-03 18:16:04,857 - __main__ - INFO - Loading default file: /Users/adamcordova/Desktop/labelMaker_ newgui BACKUP 6.24/uploads/A Greener Today - Bothell_inventory_06-28-2025  6_51 PM.xlsx
2025-07-03 18:16:06,599 - __main__ - INFO - Successfully loaded default file with 2416 tags
2025-07-03 18:18:24,010 - __main__ - INFO - Loading default file: /Users/adamcordova/Desktop/labelMaker_ newgui BACKUP 6.24/uploads/A Greener Today - Bothell_inventory_06-28-2025  6_51 PM.xlsx
2025-07-03 18:18:25,315 - __main__ - INFO - Successfully loaded default file with 2416 tags
2025-07-03 18:20:28,953 - __main__ - INFO - Loading default file: /Users/adamcordova/Desktop/labelMaker_ newgui BACKUP 6.24/uploads/A Greener Today - Bothell_inventory_06-28-2025  6_51 PM.xlsx
2025-07-03 18:20:31,510 - __main__ - INFO - Successfully loaded default file with 2416 tags
2025-07-03 18:24:49,153 - __main__ - INFO - Loading default file: /Users/adamcordova/Desktop/labelMaker_ newgui BACKUP 6.24/uploads/A Greener Today - Bothell_inventory_06-28-2025  6_51 PM.xlsx
2025-07-03 18:25:33,799 - __main__ - INFO - Successfully loaded default file with 2416 tags
2025-07-03 18:25:57,798 - werkzeug - INFO - [31m[1mWARNING: This is a development server. Do not use it in a production deployment. Use a production WSGI server instead.[0m
 * Running on http://127.0.0.1:5000
2025-07-03 18:25:57,799 - werkzeug - INFO - [33mPress CTRL+C to quit[0m
2025-07-03 18:30:42,870 - werkzeug - INFO - [31m[1mWARNING: This is a development server. Do not use it in a production deployment. Use a production WSGI server instead.[0m
 * Running on http://127.0.0.1:5000
2025-07-03 18:30:42,870 - werkzeug - INFO - [33mPress CTRL+C to quit[0m
2025-07-03 18:30:59,071 - werkzeug - INFO - 127.0.0.1 - - [03/Jul/2025 18:30:59] "GET / HTTP/1.1" 200 -
2025-07-03 18:30:59,169 - werkzeug - INFO - 127.0.0.1 - - [03/Jul/2025 18:30:59] "GET /static/css/styles.css?v=117 HTTP/1.1" 200 -
2025-07-03 18:30:59,331 - werkzeug - INFO - 127.0.0.1 - - [03/Jul/2025 18:30:59] "GET /api/selected-tags HTTP/1.1" 200 -
2025-07-03 18:30:59,612 - werkzeug - INFO - 127.0.0.1 - - [03/Jul/2025 18:30:59] "GET /api/available-tags HTTP/1.1" 200 -
2025-07-03 18:30:59,702 - werkzeug - INFO - 127.0.0.1 - - [03/Jul/2025 18:30:59] "GET /api/filter-options HTTP/1.1" 200 -
2025-07-03 18:36:38,781 - werkzeug - INFO - [31m[1mWARNING: This is a development server. Do not use it in a production deployment. Use a production WSGI server instead.[0m
 * Running on http://127.0.0.1:5000
2025-07-03 18:36:38,781 - werkzeug - INFO - [33mPress CTRL+C to quit[0m
2025-07-03 18:36:51,816 - werkzeug - INFO - 127.0.0.1 - - [03/Jul/2025 18:36:51] "GET / HTTP/1.1" 200 -
2025-07-03 18:36:51,851 - werkzeug - INFO - 127.0.0.1 - - [03/Jul/2025 18:36:51] "GET /static/css/styles.css?v=200 HTTP/1.1" 200 -
2025-07-03 18:36:51,978 - werkzeug - INFO - 127.0.0.1 - - [03/Jul/2025 18:36:51] "GET /api/selected-tags HTTP/1.1" 200 -
2025-07-03 18:36:52,717 - werkzeug - INFO - 127.0.0.1 - - [03/Jul/2025 18:36:52] "GET /api/available-tags HTTP/1.1" 200 -
2025-07-03 18:36:52,756 - werkzeug - INFO - 127.0.0.1 - - [03/Jul/2025 18:36:52] "GET /api/filter-options HTTP/1.1" 200 -
2025-07-03 18:43:27,782 - werkzeug - INFO - 127.0.0.1 - - [03/Jul/2025 18:43:27] "POST /api/filter-options HTTP/1.1" 200 -
2025-07-03 18:43:32,832 - root - ERROR - Error during label generation: name 'get_font_scheme' is not defined
2025-07-03 18:43:32,838 - root - ERROR - Traceback (most recent call last):
  File "/Users/adamcordova/Desktop/labelMaker_ newgui BACKUP 6.24/app.py", line 652, in generate_labels
    font_scheme = get_font_scheme(template_type)
                  ^^^^^^^^^^^^^^^
NameError: name 'get_font_scheme' is not defined

2025-07-03 18:43:32,839 - werkzeug - INFO - 127.0.0.1 - - [03/Jul/2025 18:43:32] "[35m[1mPOST /api/generate HTTP/1.1[0m" 500 -
2025-07-03 18:44:31,435 - werkzeug - INFO - [31m[1mWARNING: This is a development server. Do not use it in a production deployment. Use a production WSGI server instead.[0m
 * Running on http://127.0.0.1:5000
2025-07-03 18:44:31,435 - werkzeug - INFO - [33mPress CTRL+C to quit[0m
2025-07-03 18:44:49,661 - werkzeug - INFO - 127.0.0.1 - - [03/Jul/2025 18:44:49] "GET / HTTP/1.1" 200 -
2025-07-03 18:44:49,802 - werkzeug - INFO - 127.0.0.1 - - [03/Jul/2025 18:44:49] "GET /static/css/styles.css?v=445 HTTP/1.1" 200 -
2025-07-03 18:44:49,854 - werkzeug - INFO - 127.0.0.1 - - [03/Jul/2025 18:44:49] "GET /api/selected-tags HTTP/1.1" 200 -
2025-07-03 18:44:49,959 - werkzeug - INFO - 127.0.0.1 - - [03/Jul/2025 18:44:49] "GET /api/available-tags HTTP/1.1" 200 -
2025-07-03 18:44:49,988 - werkzeug - INFO - 127.0.0.1 - - [03/Jul/2025 18:44:49] "GET /api/filter-options HTTP/1.1" 200 -
2025-07-03 18:45:12,470 - werkzeug - INFO - 127.0.0.1 - - [03/Jul/2025 18:45:12] "POST /api/filter-options HTTP/1.1" 200 -
2025-07-03 18:45:17,982 - root - ERROR - Error during label generation: name 'TemplateProcessor' is not defined
2025-07-03 18:45:17,987 - root - ERROR - Traceback (most recent call last):
  File "/Users/adamcordova/Desktop/labelMaker_ newgui BACKUP 6.24/app.py", line 654, in generate_labels
    processor = TemplateProcessor(template_type, font_scheme, scale_factor)
                ^^^^^^^^^^^^^^^^^
NameError: name 'TemplateProcessor' is not defined

2025-07-03 18:45:17,987 - werkzeug - INFO - 127.0.0.1 - - [03/Jul/2025 18:45:17] "[35m[1mPOST /api/generate HTTP/1.1[0m" 500 -
2025-07-03 18:46:26,720 - werkzeug - INFO - [31m[1mWARNING: This is a development server. Do not use it in a production deployment. Use a production WSGI server instead.[0m
 * Running on http://127.0.0.1:5000
2025-07-03 18:46:26,720 - werkzeug - INFO - [33mPress CTRL+C to quit[0m
2025-07-08 19:54:39,051 - INFO - Running in DEVELOPMENT mode with hot reloading enabled
2025-07-08 19:54:39,052 - INFO - Loading default file on startup: /Users/adamcordova/Desktop/labelMaker_ newgui BACKUP 6.24/uploads/A Greener Today - Bothell_inventory_07-07-2025 10_19 AM.xlsx
2025-07-08 19:55:25,609 - INFO - Default file loaded successfully with 2383 records
2025-07-08 19:55:25,644 - INFO - Starting Label Maker application on 127.0.0.1:8080
Current working directory: /Users/adamcordova/Desktop/labelMaker_ newgui BACKUP 6.24
Looking in uploads directory: /Users/adamcordova/Desktop/labelMaker_ newgui BACKUP 6.24/uploads
Uploads directory exists: /Users/adamcordova/Desktop/labelMaker_ newgui BACKUP 6.24/uploads
Found file in uploads: test_products.xlsx
Found file in uploads: A Greener Today - Bothell_inventory_07-07-2025 10_19 AM.xlsx
 * Serving Flask app 'app'
 * Debug mode: on
2025-07-08 19:55:25,716 - INFO - Initializing product database...
2025-07-08 19:55:25,718 - INFO - Product database initialized successfully in 0.002s
Address already in use
Port 8080 is in use by another program. Either identify and stop that program, or start the server with a different port.
